  main.cpp
C:\Users\Komputer\source\repos\JetFighters\JetFighters\main.cpp(36,19): warning C4244: "inicjowanie": konwersja z "double" do "float", możliwa utrata danych
C:\Users\Komputer\source\repos\JetFighters\JetFighters\main.cpp(52,21): warning C4244: "inicjowanie": konwersja z "double" do "float", możliwa utrata danych
C:\Users\Komputer\source\repos\JetFighters\JetFighters\main.cpp(64,38): warning C4244: "argument": konwersja z "int" do "T", możliwa utrata danych
C:\Users\Komputer\source\repos\JetFighters\JetFighters\main.cpp(64,38): warning C4244:         with
C:\Users\Komputer\source\repos\JetFighters\JetFighters\main.cpp(64,38): warning C4244:         [
C:\Users\Komputer\source\repos\JetFighters\JetFighters\main.cpp(64,38): warning C4244:             T=float
C:\Users\Komputer\source\repos\JetFighters\JetFighters\main.cpp(64,38): warning C4244:         ]
C:\Users\Komputer\source\repos\JetFighters\JetFighters\main.cpp(65,56): warning C4244: "argument": konwersja z "int" do "T", możliwa utrata danych
C:\Users\Komputer\source\repos\JetFighters\JetFighters\main.cpp(65,56): warning C4244:         with
C:\Users\Komputer\source\repos\JetFighters\JetFighters\main.cpp(65,56): warning C4244:         [
C:\Users\Komputer\source\repos\JetFighters\JetFighters\main.cpp(65,56): warning C4244:             T=float
C:\Users\Komputer\source\repos\JetFighters\JetFighters\main.cpp(65,56): warning C4244:         ]
C:\Users\Komputer\source\repos\JetFighters\JetFighters\main.cpp(65,39): warning C4244: "argument": konwersja z "int" do "T", możliwa utrata danych
C:\Users\Komputer\source\repos\JetFighters\JetFighters\main.cpp(65,39): warning C4244:         with
C:\Users\Komputer\source\repos\JetFighters\JetFighters\main.cpp(65,39): warning C4244:         [
C:\Users\Komputer\source\repos\JetFighters\JetFighters\main.cpp(65,39): warning C4244:             T=float
C:\Users\Komputer\source\repos\JetFighters\JetFighters\main.cpp(65,39): warning C4244:         ]
C:\Users\Komputer\source\repos\JetFighters\JetFighters\main.cpp(81,33): warning C4244: "argument": konwersja z "int" do "T", możliwa utrata danych
C:\Users\Komputer\source\repos\JetFighters\JetFighters\main.cpp(81,33): warning C4244:         with
C:\Users\Komputer\source\repos\JetFighters\JetFighters\main.cpp(81,33): warning C4244:         [
C:\Users\Komputer\source\repos\JetFighters\JetFighters\main.cpp(81,33): warning C4244:             T=float
C:\Users\Komputer\source\repos\JetFighters\JetFighters\main.cpp(81,33): warning C4244:         ]
C:\Users\Komputer\source\repos\JetFighters\JetFighters\main.cpp(84,27): warning C4244: "=": konwersja z "int" do "T", możliwa utrata danych
C:\Users\Komputer\source\repos\JetFighters\JetFighters\main.cpp(84,27): warning C4244:         with
C:\Users\Komputer\source\repos\JetFighters\JetFighters\main.cpp(84,27): warning C4244:         [
C:\Users\Komputer\source\repos\JetFighters\JetFighters\main.cpp(84,27): warning C4244:             T=float
C:\Users\Komputer\source\repos\JetFighters\JetFighters\main.cpp(84,27): warning C4244:         ]
C:\Users\Komputer\source\repos\JetFighters\JetFighters\main.cpp(85,25): warning C4244: "=": konwersja z "int" do "T", możliwa utrata danych
C:\Users\Komputer\source\repos\JetFighters\JetFighters\main.cpp(85,25): warning C4244:         with
C:\Users\Komputer\source\repos\JetFighters\JetFighters\main.cpp(85,25): warning C4244:         [
C:\Users\Komputer\source\repos\JetFighters\JetFighters\main.cpp(85,25): warning C4244:             T=float
C:\Users\Komputer\source\repos\JetFighters\JetFighters\main.cpp(85,25): warning C4244:         ]
C:\Users\Komputer\source\repos\JetFighters\JetFighters\main.cpp(112,21): warning C4244: "inicjowanie": konwersja z "double" do "float", możliwa utrata danych
C:\Users\Komputer\source\repos\JetFighters\JetFighters\main.cpp(133,22): warning C4244: "+=": konwersja z "float" do "int", możliwa utrata danych
C:\Users\Komputer\source\repos\JetFighters\JetFighters\main.cpp(266,60): warning C4244: "argument": konwersja z "T" do "T", możliwa utrata danych
C:\Users\Komputer\source\repos\JetFighters\JetFighters\main.cpp(266,60): warning C4244:         with
C:\Users\Komputer\source\repos\JetFighters\JetFighters\main.cpp(266,60): warning C4244:         [
C:\Users\Komputer\source\repos\JetFighters\JetFighters\main.cpp(266,60): warning C4244:             T=int
C:\Users\Komputer\source\repos\JetFighters\JetFighters\main.cpp(266,60): warning C4244:         ]
C:\Users\Komputer\source\repos\JetFighters\JetFighters\main.cpp(266,60): warning C4244:         and
C:\Users\Komputer\source\repos\JetFighters\JetFighters\main.cpp(266,60): warning C4244:         [
C:\Users\Komputer\source\repos\JetFighters\JetFighters\main.cpp(266,60): warning C4244:             T=float
C:\Users\Komputer\source\repos\JetFighters\JetFighters\main.cpp(266,60): warning C4244:         ]
C:\Users\Komputer\source\repos\JetFighters\JetFighters\main.cpp(266,48): warning C4244: "argument": konwersja z "T" do "T", możliwa utrata danych
C:\Users\Komputer\source\repos\JetFighters\JetFighters\main.cpp(266,48): warning C4244:         with
C:\Users\Komputer\source\repos\JetFighters\JetFighters\main.cpp(266,48): warning C4244:         [
C:\Users\Komputer\source\repos\JetFighters\JetFighters\main.cpp(266,48): warning C4244:             T=int
C:\Users\Komputer\source\repos\JetFighters\JetFighters\main.cpp(266,48): warning C4244:         ]
C:\Users\Komputer\source\repos\JetFighters\JetFighters\main.cpp(266,48): warning C4244:         and
C:\Users\Komputer\source\repos\JetFighters\JetFighters\main.cpp(266,48): warning C4244:         [
C:\Users\Komputer\source\repos\JetFighters\JetFighters\main.cpp(266,48): warning C4244:             T=float
C:\Users\Komputer\source\repos\JetFighters\JetFighters\main.cpp(266,48): warning C4244:         ]
C:\Users\Komputer\source\repos\JetFighters\JetFighters\main.cpp(273,66): warning C4244: "argument": konwersja z "T" do "T", możliwa utrata danych
C:\Users\Komputer\source\repos\JetFighters\JetFighters\main.cpp(273,66): warning C4244:         with
C:\Users\Komputer\source\repos\JetFighters\JetFighters\main.cpp(273,66): warning C4244:         [
C:\Users\Komputer\source\repos\JetFighters\JetFighters\main.cpp(273,66): warning C4244:             T=int
C:\Users\Komputer\source\repos\JetFighters\JetFighters\main.cpp(273,66): warning C4244:         ]
C:\Users\Komputer\source\repos\JetFighters\JetFighters\main.cpp(273,66): warning C4244:         and
C:\Users\Komputer\source\repos\JetFighters\JetFighters\main.cpp(273,66): warning C4244:         [
C:\Users\Komputer\source\repos\JetFighters\JetFighters\main.cpp(273,66): warning C4244:             T=float
C:\Users\Komputer\source\repos\JetFighters\JetFighters\main.cpp(273,66): warning C4244:         ]
C:\Users\Komputer\source\repos\JetFighters\JetFighters\main.cpp(273,54): warning C4244: "argument": konwersja z "T" do "T", możliwa utrata danych
C:\Users\Komputer\source\repos\JetFighters\JetFighters\main.cpp(273,54): warning C4244:         with
C:\Users\Komputer\source\repos\JetFighters\JetFighters\main.cpp(273,54): warning C4244:         [
C:\Users\Komputer\source\repos\JetFighters\JetFighters\main.cpp(273,54): warning C4244:             T=int
C:\Users\Komputer\source\repos\JetFighters\JetFighters\main.cpp(273,54): warning C4244:         ]
C:\Users\Komputer\source\repos\JetFighters\JetFighters\main.cpp(273,54): warning C4244:         and
C:\Users\Komputer\source\repos\JetFighters\JetFighters\main.cpp(273,54): warning C4244:         [
C:\Users\Komputer\source\repos\JetFighters\JetFighters\main.cpp(273,54): warning C4244:             T=float
C:\Users\Komputer\source\repos\JetFighters\JetFighters\main.cpp(273,54): warning C4244:         ]
C:\Users\Komputer\source\repos\JetFighters\JetFighters\main.cpp(282,69): warning C4244: "argument": konwersja z "T" do "T", możliwa utrata danych
C:\Users\Komputer\source\repos\JetFighters\JetFighters\main.cpp(282,69): warning C4244:         with
C:\Users\Komputer\source\repos\JetFighters\JetFighters\main.cpp(282,69): warning C4244:         [
C:\Users\Komputer\source\repos\JetFighters\JetFighters\main.cpp(282,69): warning C4244:             T=int
C:\Users\Komputer\source\repos\JetFighters\JetFighters\main.cpp(282,69): warning C4244:         ]
C:\Users\Komputer\source\repos\JetFighters\JetFighters\main.cpp(282,69): warning C4244:         and
C:\Users\Komputer\source\repos\JetFighters\JetFighters\main.cpp(282,69): warning C4244:         [
C:\Users\Komputer\source\repos\JetFighters\JetFighters\main.cpp(282,69): warning C4244:             T=float
C:\Users\Komputer\source\repos\JetFighters\JetFighters\main.cpp(282,69): warning C4244:         ]
C:\Users\Komputer\source\repos\JetFighters\JetFighters\main.cpp(282,57): warning C4244: "argument": konwersja z "T" do "T", możliwa utrata danych
C:\Users\Komputer\source\repos\JetFighters\JetFighters\main.cpp(282,57): warning C4244:         with
C:\Users\Komputer\source\repos\JetFighters\JetFighters\main.cpp(282,57): warning C4244:         [
C:\Users\Komputer\source\repos\JetFighters\JetFighters\main.cpp(282,57): warning C4244:             T=int
C:\Users\Komputer\source\repos\JetFighters\JetFighters\main.cpp(282,57): warning C4244:         ]
C:\Users\Komputer\source\repos\JetFighters\JetFighters\main.cpp(282,57): warning C4244:         and
C:\Users\Komputer\source\repos\JetFighters\JetFighters\main.cpp(282,57): warning C4244:         [
C:\Users\Komputer\source\repos\JetFighters\JetFighters\main.cpp(282,57): warning C4244:             T=float
C:\Users\Komputer\source\repos\JetFighters\JetFighters\main.cpp(282,57): warning C4244:         ]
C:\Users\Komputer\source\repos\JetFighters\JetFighters\main.cpp(294,60): warning C4244: "argument": konwersja z "T" do "T", możliwa utrata danych
C:\Users\Komputer\source\repos\JetFighters\JetFighters\main.cpp(294,60): warning C4244:         with
C:\Users\Komputer\source\repos\JetFighters\JetFighters\main.cpp(294,60): warning C4244:         [
C:\Users\Komputer\source\repos\JetFighters\JetFighters\main.cpp(294,60): warning C4244:             T=int
C:\Users\Komputer\source\repos\JetFighters\JetFighters\main.cpp(294,60): warning C4244:         ]
C:\Users\Komputer\source\repos\JetFighters\JetFighters\main.cpp(294,60): warning C4244:         and
C:\Users\Komputer\source\repos\JetFighters\JetFighters\main.cpp(294,60): warning C4244:         [
C:\Users\Komputer\source\repos\JetFighters\JetFighters\main.cpp(294,60): warning C4244:             T=float
C:\Users\Komputer\source\repos\JetFighters\JetFighters\main.cpp(294,60): warning C4244:         ]
C:\Users\Komputer\source\repos\JetFighters\JetFighters\main.cpp(294,48): warning C4244: "argument": konwersja z "T" do "T", możliwa utrata danych
C:\Users\Komputer\source\repos\JetFighters\JetFighters\main.cpp(294,48): warning C4244:         with
C:\Users\Komputer\source\repos\JetFighters\JetFighters\main.cpp(294,48): warning C4244:         [
C:\Users\Komputer\source\repos\JetFighters\JetFighters\main.cpp(294,48): warning C4244:             T=int
C:\Users\Komputer\source\repos\JetFighters\JetFighters\main.cpp(294,48): warning C4244:         ]
C:\Users\Komputer\source\repos\JetFighters\JetFighters\main.cpp(294,48): warning C4244:         and
C:\Users\Komputer\source\repos\JetFighters\JetFighters\main.cpp(294,48): warning C4244:         [
C:\Users\Komputer\source\repos\JetFighters\JetFighters\main.cpp(294,48): warning C4244:             T=float
C:\Users\Komputer\source\repos\JetFighters\JetFighters\main.cpp(294,48): warning C4244:         ]
C:\Users\Komputer\source\repos\JetFighters\JetFighters\main.cpp(303,60): warning C4244: "argument": konwersja z "T" do "T", możliwa utrata danych
C:\Users\Komputer\source\repos\JetFighters\JetFighters\main.cpp(303,60): warning C4244:         with
C:\Users\Komputer\source\repos\JetFighters\JetFighters\main.cpp(303,60): warning C4244:         [
C:\Users\Komputer\source\repos\JetFighters\JetFighters\main.cpp(303,60): warning C4244:             T=int
C:\Users\Komputer\source\repos\JetFighters\JetFighters\main.cpp(303,60): warning C4244:         ]
C:\Users\Komputer\source\repos\JetFighters\JetFighters\main.cpp(303,60): warning C4244:         and
C:\Users\Komputer\source\repos\JetFighters\JetFighters\main.cpp(303,60): warning C4244:         [
C:\Users\Komputer\source\repos\JetFighters\JetFighters\main.cpp(303,60): warning C4244:             T=float
C:\Users\Komputer\source\repos\JetFighters\JetFighters\main.cpp(303,60): warning C4244:         ]
C:\Users\Komputer\source\repos\JetFighters\JetFighters\main.cpp(303,48): warning C4244: "argument": konwersja z "T" do "T", możliwa utrata danych
C:\Users\Komputer\source\repos\JetFighters\JetFighters\main.cpp(303,48): warning C4244:         with
C:\Users\Komputer\source\repos\JetFighters\JetFighters\main.cpp(303,48): warning C4244:         [
C:\Users\Komputer\source\repos\JetFighters\JetFighters\main.cpp(303,48): warning C4244:             T=int
C:\Users\Komputer\source\repos\JetFighters\JetFighters\main.cpp(303,48): warning C4244:         ]
C:\Users\Komputer\source\repos\JetFighters\JetFighters\main.cpp(303,48): warning C4244:         and
C:\Users\Komputer\source\repos\JetFighters\JetFighters\main.cpp(303,48): warning C4244:         [
C:\Users\Komputer\source\repos\JetFighters\JetFighters\main.cpp(303,48): warning C4244:             T=float
C:\Users\Komputer\source\repos\JetFighters\JetFighters\main.cpp(303,48): warning C4244:         ]
C:\Users\Komputer\source\repos\JetFighters\JetFighters\main.cpp(310,68): warning C4244: "argument": konwersja z "T" do "T", możliwa utrata danych
C:\Users\Komputer\source\repos\JetFighters\JetFighters\main.cpp(310,68): warning C4244:         with
C:\Users\Komputer\source\repos\JetFighters\JetFighters\main.cpp(310,68): warning C4244:         [
C:\Users\Komputer\source\repos\JetFighters\JetFighters\main.cpp(310,68): warning C4244:             T=int
C:\Users\Komputer\source\repos\JetFighters\JetFighters\main.cpp(310,68): warning C4244:         ]
C:\Users\Komputer\source\repos\JetFighters\JetFighters\main.cpp(310,68): warning C4244:         and
C:\Users\Komputer\source\repos\JetFighters\JetFighters\main.cpp(310,68): warning C4244:         [
C:\Users\Komputer\source\repos\JetFighters\JetFighters\main.cpp(310,68): warning C4244:             T=float
C:\Users\Komputer\source\repos\JetFighters\JetFighters\main.cpp(310,68): warning C4244:         ]
C:\Users\Komputer\source\repos\JetFighters\JetFighters\main.cpp(310,56): warning C4244: "argument": konwersja z "T" do "T", możliwa utrata danych
C:\Users\Komputer\source\repos\JetFighters\JetFighters\main.cpp(310,56): warning C4244:         with
C:\Users\Komputer\source\repos\JetFighters\JetFighters\main.cpp(310,56): warning C4244:         [
C:\Users\Komputer\source\repos\JetFighters\JetFighters\main.cpp(310,56): warning C4244:             T=int
C:\Users\Komputer\source\repos\JetFighters\JetFighters\main.cpp(310,56): warning C4244:         ]
C:\Users\Komputer\source\repos\JetFighters\JetFighters\main.cpp(310,56): warning C4244:         and
C:\Users\Komputer\source\repos\JetFighters\JetFighters\main.cpp(310,56): warning C4244:         [
C:\Users\Komputer\source\repos\JetFighters\JetFighters\main.cpp(310,56): warning C4244:             T=float
C:\Users\Komputer\source\repos\JetFighters\JetFighters\main.cpp(310,56): warning C4244:         ]
C:\Users\Komputer\source\repos\JetFighters\JetFighters\main.cpp(359,15): warning C4244: "argument": konwersja z "time_t" do "unsigned int", możliwa utrata danych
C:\Users\Komputer\source\repos\JetFighters\JetFighters\main.cpp(499,133): warning C4244: "argument": konwersja z "T" do "T", możliwa utrata danych
C:\Users\Komputer\source\repos\JetFighters\JetFighters\main.cpp(499,133): warning C4244:         with
C:\Users\Komputer\source\repos\JetFighters\JetFighters\main.cpp(499,133): warning C4244:         [
C:\Users\Komputer\source\repos\JetFighters\JetFighters\main.cpp(499,133): warning C4244:             T=unsigned int
C:\Users\Komputer\source\repos\JetFighters\JetFighters\main.cpp(499,133): warning C4244:         ]
C:\Users\Komputer\source\repos\JetFighters\JetFighters\main.cpp(499,133): warning C4244:         and
C:\Users\Komputer\source\repos\JetFighters\JetFighters\main.cpp(499,133): warning C4244:         [
C:\Users\Komputer\source\repos\JetFighters\JetFighters\main.cpp(499,133): warning C4244:             T=float
C:\Users\Komputer\source\repos\JetFighters\JetFighters\main.cpp(499,133): warning C4244:         ]
C:\Users\Komputer\source\repos\JetFighters\JetFighters\main.cpp(608,53): warning C4244: "+=": konwersja z "double" do "T", możliwa utrata danych
C:\Users\Komputer\source\repos\JetFighters\JetFighters\main.cpp(608,53): warning C4244:         with
C:\Users\Komputer\source\repos\JetFighters\JetFighters\main.cpp(608,53): warning C4244:         [
C:\Users\Komputer\source\repos\JetFighters\JetFighters\main.cpp(608,53): warning C4244:             T=float
C:\Users\Komputer\source\repos\JetFighters\JetFighters\main.cpp(608,53): warning C4244:         ]
C:\Users\Komputer\source\repos\JetFighters\JetFighters\main.cpp(609,53): warning C4244: "+=": konwersja z "double" do "T", możliwa utrata danych
C:\Users\Komputer\source\repos\JetFighters\JetFighters\main.cpp(609,53): warning C4244:         with
C:\Users\Komputer\source\repos\JetFighters\JetFighters\main.cpp(609,53): warning C4244:         [
C:\Users\Komputer\source\repos\JetFighters\JetFighters\main.cpp(609,53): warning C4244:             T=float
C:\Users\Komputer\source\repos\JetFighters\JetFighters\main.cpp(609,53): warning C4244:         ]
C:\Users\Komputer\source\repos\JetFighters\JetFighters\main.cpp(638,53): warning C4244: "+=": konwersja z "double" do "T", możliwa utrata danych
C:\Users\Komputer\source\repos\JetFighters\JetFighters\main.cpp(638,53): warning C4244:         with
C:\Users\Komputer\source\repos\JetFighters\JetFighters\main.cpp(638,53): warning C4244:         [
C:\Users\Komputer\source\repos\JetFighters\JetFighters\main.cpp(638,53): warning C4244:             T=float
C:\Users\Komputer\source\repos\JetFighters\JetFighters\main.cpp(638,53): warning C4244:         ]
C:\Users\Komputer\source\repos\JetFighters\JetFighters\main.cpp(639,53): warning C4244: "+=": konwersja z "double" do "T", możliwa utrata danych
C:\Users\Komputer\source\repos\JetFighters\JetFighters\main.cpp(639,53): warning C4244:         with
C:\Users\Komputer\source\repos\JetFighters\JetFighters\main.cpp(639,53): warning C4244:         [
C:\Users\Komputer\source\repos\JetFighters\JetFighters\main.cpp(639,53): warning C4244:             T=float
C:\Users\Komputer\source\repos\JetFighters\JetFighters\main.cpp(639,53): warning C4244:         ]
C:\Users\Komputer\source\repos\JetFighters\JetFighters\main.cpp(661,53): warning C4244: "+=": konwersja z "double" do "T", możliwa utrata danych
C:\Users\Komputer\source\repos\JetFighters\JetFighters\main.cpp(661,53): warning C4244:         with
C:\Users\Komputer\source\repos\JetFighters\JetFighters\main.cpp(661,53): warning C4244:         [
C:\Users\Komputer\source\repos\JetFighters\JetFighters\main.cpp(661,53): warning C4244:             T=float
C:\Users\Komputer\source\repos\JetFighters\JetFighters\main.cpp(661,53): warning C4244:         ]
C:\Users\Komputer\source\repos\JetFighters\JetFighters\main.cpp(662,53): warning C4244: "+=": konwersja z "double" do "T", możliwa utrata danych
C:\Users\Komputer\source\repos\JetFighters\JetFighters\main.cpp(662,53): warning C4244:         with
C:\Users\Komputer\source\repos\JetFighters\JetFighters\main.cpp(662,53): warning C4244:         [
C:\Users\Komputer\source\repos\JetFighters\JetFighters\main.cpp(662,53): warning C4244:             T=float
C:\Users\Komputer\source\repos\JetFighters\JetFighters\main.cpp(662,53): warning C4244:         ]
  JetFighters.vcxproj -> C:\Users\Komputer\source\repos\JetFighters\x64\Debug\JetFighters.exe
